<?xml version="1.0" encoding="UTF-8"?>
<testng-results skipped="0" failed="0" total="1" passed="1">
  <reporter-output>
  </reporter-output>
  <suite name="Suite" duration-ms="4506" started-at="2017-06-09T10:10:39Z" finished-at="2017-06-09T10:10:43Z">
    <groups>
    </groups>
    <test name="Test" duration-ms="4506" started-at="2017-06-09T10:10:39Z" finished-at="2017-06-09T10:10:43Z">
      <class name="com.selenium.test.LaunchTest">
        <test-method status="PASS" signature="launchBrowser()[pri:0, instance:com.selenium.test.LaunchTest@c64813]" name="launchBrowser" duration-ms="4492" started-at="2017-06-09T15:40:39Z" finished-at="2017-06-09T15:40:43Z">
          <reporter-output>
          </reporter-output>
        </test-method> <!-- launchBrowser -->
      </class> <!-- com.selenium.test.LaunchTest -->
    </test> <!-- Test -->
  </suite> <!-- Suite -->
</testng-results>
